2020-06-11 05:14:00,218+0000 INFO  [jetty-main-1]  org.sonatype.nexus.events.EventSubscriberHost - Initialized
2020-06-11 05:14:00,224+0000 INFO  [jetty-main-1]  org.sonatype.nexus.NxApplication - 
-------------------------------------------------

Initializing Nexus Repository Manager OSS 2.14.18-01

-------------------------------------------------
2020-06-11 05:14:00,224+0000 INFO  [jetty-main-1]  org.sonatype.nexus.NxApplication - Activating locally installed plugins...
2020-06-11 05:14:01,524+0000 INFO  [jetty-main-1]  org.sonatype.nexus.plugins.bcprov.CryptoPlugin - Unlimited strength JCE policy detected
2020-06-11 05:14:02,867+0000 INFO  [jetty-main-1]  com.sun.jersey.server.impl.application.WebApplicationImpl - Initiating Jersey application, version 'Jersey: 1.17.1 02/28/2013 12:47 PM'
2020-06-11 05:14:04,732+0000 INFO  [jetty-main-1]  org.sonatype.nexus.kazuki.KazukiPlugin - Kazuki version: 0.1.8
2020-06-11 05:14:05,987+0000 INFO  [jetty-main-1]  org.sonatype.nexus.proxy.registry.DefaultRepositoryTypeRegistry - Registered Repository type RepositoryType=(org.sonatype.nexus.proxy.repository.GroupRepository:npm-group).
2020-06-11 05:14:05,987+0000 INFO  [jetty-main-1]  org.sonatype.nexus.proxy.registry.DefaultRepositoryTypeRegistry - Registered Repository type RepositoryType=(org.sonatype.nexus.proxy.repository.Repository:npm-proxy).
2020-06-11 05:14:05,988+0000 INFO  [jetty-main-1]  org.sonatype.nexus.proxy.registry.DefaultRepositoryTypeRegistry - Registered Repository type RepositoryType=(org.sonatype.nexus.proxy.repository.Repository:npm-hosted).
2020-06-11 05:14:06,744+0000 INFO  [jetty-main-1]  org.sonatype.nexus.proxy.registry.DefaultRepositoryTypeRegistry - Registered Repository type RepositoryType=(org.sonatype.nexus.proxy.repository.ShadowRepository:nuget-shadow).
2020-06-11 05:14:06,744+0000 INFO  [jetty-main-1]  org.sonatype.nexus.proxy.registry.DefaultRepositoryTypeRegistry - Registered Repository type RepositoryType=(org.sonatype.nexus.proxy.repository.GroupRepository:nuget-group).
2020-06-11 05:14:06,745+0000 INFO  [jetty-main-1]  org.sonatype.nexus.proxy.registry.DefaultRepositoryTypeRegistry - Registered Repository type RepositoryType=(org.sonatype.nexus.proxy.repository.Repository:nuget-proxy).
2020-06-11 05:14:07,844+0000 INFO  [jetty-main-1]  org.sonatype.nexus.proxy.registry.DefaultRepositoryTypeRegistry - Registered Repository type RepositoryType=(org.sonatype.nexus.proxy.repository.WebSiteRepository:site).
2020-06-11 05:14:08,293+0000 INFO  [jetty-main-1]  org.sonatype.nexus.proxy.registry.DefaultRepositoryTypeRegistry - Registered Repository type RepositoryType=(org.sonatype.nexus.proxy.repository.GroupRepository:rubygems-group).
2020-06-11 05:14:08,293+0000 INFO  [jetty-main-1]  org.sonatype.nexus.proxy.registry.DefaultRepositoryTypeRegistry - Registered Repository type RepositoryType=(org.sonatype.nexus.proxy.repository.Repository:rubygems-proxy).
2020-06-11 05:14:08,294+0000 INFO  [jetty-main-1]  org.sonatype.nexus.proxy.registry.DefaultRepositoryTypeRegistry - Registered Repository type RepositoryType=(org.sonatype.nexus.proxy.repository.Repository:rubygems-hosted).
2020-06-11 05:14:10,391+0000 INFO  [jetty-main-1]  org.sonatype.nexus.NxApplication - Plugin manager request "ACTIVATE" on plugin "org.sonatype.nexus.plugins:nexus-crypto-plugin:2.14.18-01" was successful.
2020-06-11 05:14:10,392+0000 INFO  [jetty-main-1]  org.sonatype.nexus.NxApplication - Plugin manager request "ACTIVATE" on plugin "org.sonatype.nexus.plugins:nexus-rutauth-plugin:2.14.18-01" was successful.
2020-06-11 05:14:10,392+0000 INFO  [jetty-main-1]  org.sonatype.nexus.NxApplication - Plugin manager request "ACTIVATE" on plugin "org.sonatype.nexus.plugins:nexus-npm-repository-plugin:2.14.18-01" was successful.
2020-06-11 05:14:10,392+0000 INFO  [jetty-main-1]  org.sonatype.nexus.NxApplication - Plugin manager request "ACTIVATE" on plugin "com.sonatype.nexus.plugins:nexus-nuget-plugin:2.14.18-01" was successful.
2020-06-11 05:14:10,393+0000 INFO  [jetty-main-1]  org.sonatype.nexus.NxApplication - Plugin manager request "ACTIVATE" on plugin "org.sonatype.nexus.plugins:nexus-capabilities-plugin:2.14.18-01" was successful.
2020-06-11 05:14:10,394+0000 INFO  [jetty-main-1]  org.sonatype.nexus.NxApplication - Plugin manager request "ACTIVATE" on plugin "com.sonatype.nexus.plugins:nexus-iq-repository-oss-plugin:2.14.18-01" was successful.
2020-06-11 05:14:10,394+0000 INFO  [jetty-main-1]  org.sonatype.nexus.NxApplication - Plugin manager request "ACTIVATE" on plugin "org.sonatype.nexus.plugins:nexus-logging-plugin:2.14.18-01" was successful.
2020-06-11 05:14:10,394+0000 INFO  [jetty-main-1]  org.sonatype.nexus.NxApplication - Plugin manager request "ACTIVATE" on plugin "org.sonatype.nexus.plugins:nexus-timeline-plugin:2.14.18-01" was successful.
2020-06-11 05:14:10,395+0000 INFO  [jetty-main-1]  org.sonatype.nexus.NxApplication - Plugin manager request "ACTIVATE" on plugin "org.sonatype.nexus.plugins:nexus-lvo-plugin:2.14.18-01" was successful.
2020-06-11 05:14:10,395+0000 INFO  [jetty-main-1]  org.sonatype.nexus.NxApplication - Plugin manager request "ACTIVATE" on plugin "org.sonatype.nexus.plugins:nexus-ldap-realm-plugin:2.14.18-01" was successful.
2020-06-11 05:14:10,396+0000 INFO  [jetty-main-1]  org.sonatype.nexus.NxApplication - Plugin manager request "ACTIVATE" on plugin "org.sonatype.nexus.plugins:nexus-wonderland-plugin:2.14.18-01" was successful.
2020-06-11 05:14:10,396+0000 INFO  [jetty-main-1]  org.sonatype.nexus.NxApplication - Plugin manager request "ACTIVATE" on plugin "org.sonatype.nexus.plugins:nexus-webresources-plugin:2.14.18-01" was successful.
2020-06-11 05:14:10,397+0000 INFO  [jetty-main-1]  org.sonatype.nexus.NxApplication - Plugin manager request "ACTIVATE" on plugin "org.sonatype.nexus.plugins:nexus-site-repository-plugin:2.14.18-01" was successful.
2020-06-11 05:14:10,397+0000 INFO  [jetty-main-1]  org.sonatype.nexus.NxApplication - Plugin manager request "ACTIVATE" on plugin "org.sonatype.nexus.plugins:nexus-ruby-plugin:2.14.18-01" was successful.
2020-06-11 05:14:10,397+0000 INFO  [jetty-main-1]  org.sonatype.nexus.NxApplication - Plugin manager request "ACTIVATE" on plugin "org.sonatype.nexus.plugins:nexus-restlet1x-plugin:2.14.18-01" was successful.
2020-06-11 05:14:10,398+0000 INFO  [jetty-main-1]  org.sonatype.nexus.NxApplication - Plugin manager request "ACTIVATE" on plugin "com.sonatype.nexus.plugins:nexus-analytics-plugin:2.14.18-01" was successful.
2020-06-11 05:14:10,398+0000 INFO  [jetty-main-1]  org.sonatype.nexus.NxApplication - Plugin manager request "ACTIVATE" on plugin "org.sonatype.nexus.plugins:nexus-siesta-plugin:2.14.18-01" was successful.
2020-06-11 05:14:10,399+0000 INFO  [jetty-main-1]  org.sonatype.nexus.NxApplication - Plugin manager request "ACTIVATE" on plugin "org.sonatype.nexus.plugins:nexus-yum-repository-plugin:2.14.18-01" was successful.
2020-06-11 05:14:10,399+0000 INFO  [jetty-main-1]  org.sonatype.nexus.NxApplication - Plugin manager request "ACTIVATE" on plugin "org.sonatype.nexus.plugins:nexus-ui-extjs3-plugin:2.14.18-01" was successful.
2020-06-11 05:14:10,399+0000 INFO  [jetty-main-1]  org.sonatype.nexus.NxApplication - Plugin manager request "ACTIVATE" on plugin "org.sonatype.nexus.plugins:nexus-archetype-plugin:2.14.18-01" was successful.
2020-06-11 05:14:10,400+0000 INFO  [jetty-main-1]  org.sonatype.nexus.NxApplication - Plugin manager request "ACTIVATE" on plugin "org.sonatype.nexus.plugins:nexus-plugin-console-plugin:2.14.18-01" was successful.
2020-06-11 05:14:10,400+0000 INFO  [jetty-main-1]  org.sonatype.nexus.NxApplication - Plugin manager request "ACTIVATE" on plugin "org.sonatype.nexus.plugins:nexus-atlas-plugin:2.14.18-01" was successful.
2020-06-11 05:14:10,401+0000 INFO  [jetty-main-1]  org.sonatype.nexus.NxApplication - Plugin manager request "ACTIVATE" on plugin "org.sonatype.nexus.plugins:nexus-maven-bridge-plugin:2.14.18-01" was successful.
2020-06-11 05:14:10,401+0000 INFO  [jetty-main-1]  org.sonatype.nexus.NxApplication - Plugin manager request "ACTIVATE" on plugin "org.sonatype.nexus.plugins:nexus-indexer-lucene-plugin:2.14.18-01" was successful.
2020-06-11 05:14:10,401+0000 INFO  [jetty-main-1]  org.sonatype.nexus.NxApplication - Plugin manager request "ACTIVATE" on plugin "org.sonatype.nexus.plugins:nexus-kazuki-plugin:2.14.18-01" was successful.
2020-06-11 05:14:10,402+0000 INFO  [jetty-main-1]  org.sonatype.nexus.NxApplication - Plugin manager request "ACTIVATE" on plugin "org.sonatype.nexus.plugins:nexus-groovy-plugin:2.14.18-01" was successful.
2020-06-11 05:14:10,402+0000 INFO  [jetty-main-1]  org.sonatype.nexus.NxApplication - Plugin manager request "ACTIVATE" on plugin "org.sonatype.nexus.plugins:nexus-rrb-plugin:2.14.18-01" was successful.
2020-06-11 05:14:10,402+0000 INFO  [jetty-main-1]  org.sonatype.nexus.NxApplication - Plugin manager request "ACTIVATE" on plugin "com.sonatype.nexus.plugins:nexus-outreach-plugin:2.14.18-01" was successful.
2020-06-11 05:14:10,404+0000 INFO  [jetty-main-1]  org.sonatype.nexus.NxApplication - Plugin manager request "ACTIVATE" on plugin "com.sonatype.nexus.plugins:nexus-migrationagent-plugin:2.14.18-01" was successful.
2020-06-11 05:14:10,404+0000 INFO  [jetty-main-1]  org.sonatype.nexus.NxApplication - Plugin manager request "ACTIVATE" on plugin "org.sonatype.nexus.plugins:nexus-h2-plugin:2.14.18-01" was successful.
2020-06-11 05:14:10,404+0000 INFO  [jetty-main-1]  org.sonatype.nexus.NxApplication - Plugin manager request "ACTIVATE" on plugin "org.sonatype.nexus.plugins:nexus-orient-plugin:2.14.18-01" was successful.
2020-06-11 05:14:10,405+0000 INFO  [jetty-main-1]  org.sonatype.nexus.NxApplication - Plugin manager request "ACTIVATE" on plugin "org.sonatype.nexus.plugins:nexus-content-plugin:2.14.18-01" was successful.
2020-06-11 05:14:10,405+0000 INFO  [jetty-main-1]  org.sonatype.nexus.events.EventSubscriberHost - Starting
2020-06-11 05:14:10,793+0000 INFO  [jetty-main-1]  org.sonatype.nexus.timeline.DefaultNexusTimeline - Initializing Nexus Timeline...
2020-06-11 05:14:10,797+0000 INFO  [jetty-main-1]  org.sonatype.nexus.timeline.DefaultNexusTimeline - Starting Nexus Timeline...
2020-06-11 05:14:10,997+0000 INFO  [jetty-main-1]  org.sonatype.timeline.internal.DefaultTimeline - Started Timeline...
2020-06-11 05:14:11,140+0000 INFO  [jetty-main-1]  org.sonatype.nexus.apachehttpclient.Hc4ProviderImpl - Started (connectionPoolMaxSize 200, connectionPoolSize 20, connectionPoolIdleTime 30000 ms, connectionPoolTimeout 30000 ms, keepAliveMaxDuration 30000 ms)
2020-06-11 05:14:11,684+0000 INFO  [jetty-main-1]  org.sonatype.nexus.orient.DatabaseServerImpl - OrientDB version: 2.1.14
2020-06-11 05:14:11,708+0000 INFO  [jetty-main-1]  com.orientechnologies.orient.server.OServer - OrientDB Server v2.1.14 is starting up...
2020-06-11 05:14:11,716+0000 INFO  [jetty-main-1]  com.orientechnologies.orient.server.OServer - Databases directory: /sonatype-work/db
2020-06-11 05:14:11,726+0000 INFO  [jetty-main-1]  com.orientechnologies.orient.server.handler.OJMXPlugin - JMX plugin installed and active: profilerManaged=true
2020-06-11 05:14:11,728+0000 INFO  [jetty-main-1]  com.orientechnologies.orient.server.OServer - OrientDB Server v2.1.14 is active.
2020-06-11 05:14:11,729+0000 INFO  [jetty-main-1]  org.sonatype.nexus.orient.DatabaseServerImpl - Activated
2020-06-11 05:14:11,729+0000 INFO  [jetty-main-1]  org.sonatype.nexus.configuration.application.DefaultNexusConfiguration - Loading Nexus Configuration...
2020-06-11 05:14:11,743+0000 INFO  [jetty-main-1]  org.sonatype.nexus.configuration.source.StaticConfigurationSource - Configuration loaded successfully.
2020-06-11 05:14:11,744+0000 WARN  [jetty-main-1]  org.sonatype.nexus.configuration.source.FileConfigurationSource - No configuration file in place, copying the default one and continuing with it.
2020-06-11 05:14:11,838+0000 INFO  [jetty-main-1]  org.sonatype.nexus.configuration.source.FileConfigurationSource - Configuration loaded successfully.
2020-06-11 05:14:11,852+0000 INFO  [jetty-main-1]  org.sonatype.nexus.configuration.source.FileConfigurationSource - Nexus configuration validated successfully.
2020-06-11 05:14:11,893+0000 INFO  [jetty-main-1]  org.sonatype.nexus.configuration.application.DefaultNexusConfiguration - Applying Nexus Configuration...
2020-06-11 05:14:11,902+0000 INFO  [jetty-main-1]  org.sonatype.security.configuration.source.FileSecurityConfigurationSource - Loading Security configuration from /sonatype-work/conf/security-configuration.xml
2020-06-11 05:14:11,911+0000 INFO  [jetty-main-1]  org.apache.shiro.cache.ehcache.EhCacheManager - Cache with name 'XmlAuthenticatingRealm.authorizationCache' does not yet exist.  Creating now.
2020-06-11 05:14:11,913+0000 INFO  [jetty-main-1]  org.apache.shiro.cache.ehcache.EhCacheManager - Added EhCache named [XmlAuthenticatingRealm.authorizationCache]
2020-06-11 05:14:11,914+0000 INFO  [jetty-main-1]  org.apache.shiro.cache.ehcache.EhCacheManager - Cache with name 'XmlAuthorizingRealm.authorizationCache' does not yet exist.  Creating now.
2020-06-11 05:14:11,915+0000 INFO  [jetty-main-1]  org.apache.shiro.cache.ehcache.EhCacheManager - Added EhCache named [XmlAuthorizingRealm.authorizationCache]
2020-06-11 05:14:11,936+0000 INFO  [jetty-main-1]  org.sonatype.nexus.proxy.attributes.DefaultLSAttributeStorage - Default FS AttributeStorage in place, using JacksonJSON marshaller. 
2020-06-11 05:14:12,359+0000 INFO  [jetty-main-1]  org.sonatype.nexus.proxy.registry.DefaultRepositoryRegistry - Added repository "Central" [id=central][contentClass=Maven2][mainFacet=org.sonatype.nexus.proxy.maven.MavenProxyRepository]
2020-06-11 05:14:12,478+0000 INFO  [jetty-main-1]  org.sonatype.nexus.proxy.registry.DefaultRepositoryRegistry - Added repository "Apache Snapshots" [id=apache-snapshots][contentClass=Maven2][mainFacet=org.sonatype.nexus.proxy.maven.MavenProxyRepository]
2020-06-11 05:14:12,593+0000 INFO  [jetty-main-1]  org.sonatype.nexus.proxy.registry.DefaultRepositoryRegistry - Added repository "Releases" [id=releases][contentClass=Maven2][mainFacet=org.sonatype.nexus.proxy.maven.MavenHostedRepository]
2020-06-11 05:14:12,722+0000 INFO  [jetty-main-1]  org.sonatype.nexus.proxy.registry.DefaultRepositoryRegistry - Added repository "Snapshots" [id=snapshots][contentClass=Maven2][mainFacet=org.sonatype.nexus.proxy.maven.MavenHostedRepository]
2020-06-11 05:14:12,834+0000 INFO  [jetty-main-1]  org.sonatype.nexus.proxy.registry.DefaultRepositoryRegistry - Added repository "3rd party" [id=thirdparty][contentClass=Maven2][mainFacet=org.sonatype.nexus.proxy.maven.MavenHostedRepository]
2020-06-11 05:14:12,851+0000 INFO  [jetty-main-1]  org.sonatype.nexus.proxy.registry.DefaultRepositoryRegistry - Added repository "Central M1 shadow" [id=central-m1][contentClass=Maven1][mainFacet=org.sonatype.nexus.proxy.maven.MavenShadowRepository]
2020-06-11 05:14:12,902+0000 INFO  [jetty-main-1]  org.sonatype.nexus.proxy.registry.DefaultRepositoryRegistry - Added repository "Public Repositories" [id=public][contentClass=Maven2][mainFacet=org.sonatype.nexus.proxy.repository.GroupRepository]
2020-06-11 05:14:12,903+0000 INFO  [jetty-main-1]  org.sonatype.scheduling.DefaultScheduler - Initializing Scheduler...
2020-06-11 05:14:12,904+0000 INFO  [jetty-main-1]  org.sonatype.nexus.scheduling.internal.DefaultTaskConfigManager - 0 task(s) to load.
2020-06-11 05:14:12,905+0000 INFO  [jetty-main-1]  org.sonatype.nexus.NxApplication - This is 1st start of new Nexus instance.
2020-06-11 05:14:12,906+0000 INFO  [jetty-main-1]  org.sonatype.nexus.NxApplication - Nexus Work Directory : /sonatype-work
2020-06-11 05:14:12,906+0000 INFO  [jetty-main-1]  org.sonatype.nexus.NxApplication - Started Nexus Repository Manager OSS 2.14.18-01
2020-06-11 05:14:13,564+0000 INFO  [jetty-main-1]  com.sonatype.nexus.plugins.nuget.odata.NugetODataGalleryMigrator - Starting Nuget DB migration.
2020-06-11 05:14:13,568+0000 INFO  [jetty-main-1]  com.sonatype.nexus.plugins.nuget.odata.NugetODataGalleryMigrator - Starting Nuget DB migration to version 1
2020-06-11 05:14:13,574+0000 INFO  [jetty-main-1]  com.sonatype.nexus.plugins.nuget.odata.NugetODataGalleryMigrator - Completed Nuget DB migration to version 1
2020-06-11 05:14:13,575+0000 INFO  [jetty-main-1]  com.sonatype.nexus.plugins.nuget.odata.NugetODataGalleryMigrator - Starting Nuget DB migration to version 2
2020-06-11 05:14:13,577+0000 INFO  [jetty-main-1]  com.sonatype.nexus.plugins.nuget.odata.NugetODataGalleryMigrator - Completed Nuget DB migration to version 2
2020-06-11 05:14:13,578+0000 INFO  [jetty-main-1]  com.sonatype.nexus.plugins.nuget.odata.NugetODataGalleryMigrator - Starting Nuget DB migration to version 3
2020-06-11 05:14:13,579+0000 INFO  [jetty-main-1]  com.sonatype.nexus.plugins.nuget.odata.NugetODataGalleryMigrator - Completed Nuget DB migration to version 3
2020-06-11 05:14:13,579+0000 INFO  [jetty-main-1]  com.sonatype.nexus.plugins.nuget.odata.NugetODataGalleryMigrator - Starting Nuget DB migration to version 4
2020-06-11 05:14:13,583+0000 INFO  [jetty-main-1]  com.sonatype.nexus.plugins.nuget.odata.NugetODataGalleryMigrator - Completed Nuget DB migration to version 4
2020-06-11 05:14:13,584+0000 INFO  [jetty-main-1]  com.sonatype.nexus.plugins.nuget.odata.NugetODataGalleryMigrator - Starting Nuget DB migration to version 5
2020-06-11 05:14:13,587+0000 INFO  [jetty-main-1]  com.sonatype.nexus.plugins.nuget.odata.NugetODataGalleryMigrator - Completed Nuget DB migration to version 5
2020-06-11 05:14:13,588+0000 INFO  [jetty-main-1]  com.sonatype.nexus.plugins.nuget.odata.NugetODataGalleryMigrator - Starting Nuget DB migration to version 6
2020-06-11 05:14:13,591+0000 INFO  [jetty-main-1]  com.sonatype.nexus.plugins.nuget.odata.NugetODataGalleryMigrator - Completed Nuget DB migration to version 6
2020-06-11 05:14:13,592+0000 INFO  [jetty-main-1]  com.sonatype.nexus.plugins.nuget.odata.NugetODataGalleryMigrator - Starting Nuget DB migration to version 7
2020-06-11 05:14:13,594+0000 INFO  [jetty-main-1]  com.sonatype.nexus.plugins.nuget.odata.NugetODataGalleryMigrator - Completed Nuget DB migration to version 7
2020-06-11 05:14:13,594+0000 INFO  [jetty-main-1]  com.sonatype.nexus.plugins.nuget.odata.NugetODataGalleryMigrator - Starting Nuget DB migration to version 8
2020-06-11 05:14:13,596+0000 INFO  [jetty-main-1]  com.sonatype.nexus.plugins.nuget.odata.NugetODataGalleryMigrator - Completed Nuget DB migration to version 8
2020-06-11 05:14:13,597+0000 INFO  [jetty-main-1]  com.sonatype.nexus.plugins.nuget.odata.NugetODataGalleryMigrator - Starting Nuget DB migration to version 9
2020-06-11 05:14:13,599+0000 INFO  [jetty-main-1]  com.sonatype.nexus.plugins.nuget.odata.NugetODataGalleryMigrator - Completed Nuget DB migration to version 9
2020-06-11 05:14:13,600+0000 INFO  [jetty-main-1]  com.sonatype.nexus.plugins.nuget.odata.NugetODataGalleryMigrator - Completed Nuget DB migration.
2020-06-11 05:14:13,621+0000 INFO  [jetty-main-1]  org.sonatype.nexus.proxy.targets.DefaultTargetRegistryEventInspector - Adding default target for site content class
2020-06-11 05:14:13,622+0000 INFO  [jetty-main-1]  org.sonatype.nexus.proxy.targets.DefaultTargetRegistryEventInspector - Adding default target for npm content class
2020-06-11 05:14:13,622+0000 INFO  [jetty-main-1]  org.sonatype.nexus.proxy.targets.DefaultTargetRegistryEventInspector - Adding default target for nuget content class
2020-06-11 05:14:13,623+0000 INFO  [jetty-main-1]  org.sonatype.nexus.proxy.targets.DefaultTargetRegistryEventInspector - Adding default target for rubygems content class
2020-06-11 05:14:13,626+0000 INFO  [jetty-main-1]  org.sonatype.nexus.configuration.application.DefaultNexusConfiguration - Applying Nexus Configuration due to changes in [Repository Target Registry]...
2020-06-11 05:14:13,723+0000 INFO  [ar-7-thread-2] *TASK org.sonatype.nexus.proxy.maven.routing.internal.ManagerImpl - Updated and published prefix file of "Snapshots" [id=snapshots]
2020-06-11 05:14:13,723+0000 INFO  [ar-7-thread-1] *TASK org.sonatype.nexus.proxy.maven.routing.internal.ManagerImpl - Updated and published prefix file of "3rd party" [id=thirdparty]
2020-06-11 05:14:13,740+0000 INFO  [ar-7-thread-4] *TASK org.sonatype.nexus.proxy.maven.routing.internal.ManagerImpl - Updated and published prefix file of "Releases" [id=releases]
2020-06-11 05:14:14,003+0000 INFO  [jetty-main-1]  org.sonatype.nexus.webapp.WebappBootstrap - Initialized
2020-06-11 05:14:14,217+0000 INFO  [jetty-main-1]  org.sonatype.nexus.rest.NexusApplication_UriMatching - Strict URI matching: true
2020-06-11 05:14:14,352+0000 INFO  [jetty-main-1]  org.sonatype.nexus.configuration.ModelUtils - Loading model /sonatype-work/conf/ldap.xml
2020-06-11 05:14:14,385+0000 INFO  [jetty-main-1]  org.sonatype.nexus.configuration.ModelUtils - Loading model /sonatype-work/conf/lvo-plugin.xml
2020-06-11 05:14:14,569+0000 INFO  [jetty-main-1]  org.sonatype.nexus.plugins.siesta.SiestaModule - Resources:
2020-06-11 05:14:14,571+0000 INFO  [jetty-main-1]  org.sonatype.nexus.plugins.siesta.SiestaModule -   /service/siesta/analytics/events
2020-06-11 05:14:14,571+0000 INFO  [jetty-main-1]  org.sonatype.nexus.plugins.siesta.SiestaModule -   /service/siesta/analytics/settings
2020-06-11 05:14:14,572+0000 INFO  [jetty-main-1]  org.sonatype.nexus.plugins.siesta.SiestaModule -   /service/siesta/atlas/security-diagnostic
2020-06-11 05:14:14,572+0000 INFO  [jetty-main-1]  org.sonatype.nexus.plugins.siesta.SiestaModule -   /service/siesta/atlas/support-zip
2020-06-11 05:14:14,573+0000 INFO  [jetty-main-1]  org.sonatype.nexus.plugins.siesta.SiestaModule -   /service/siesta/atlas/system-information
2020-06-11 05:14:14,573+0000 INFO  [jetty-main-1]  org.sonatype.nexus.plugins.siesta.SiestaModule -   /service/siesta/capabilities
2020-06-11 05:14:14,574+0000 INFO  [jetty-main-1]  org.sonatype.nexus.plugins.siesta.SiestaModule -   /service/siesta/capabilities/stores
2020-06-11 05:14:14,574+0000 INFO  [jetty-main-1]  org.sonatype.nexus.plugins.siesta.SiestaModule -   /service/siesta/capabilities/types
2020-06-11 05:14:14,575+0000 INFO  [jetty-main-1]  org.sonatype.nexus.plugins.siesta.SiestaModule -   /service/siesta/clm
2020-06-11 05:14:14,576+0000 INFO  [jetty-main-1]  org.sonatype.nexus.plugins.siesta.SiestaModule -   /service/siesta/clm/applications
2020-06-11 05:14:14,577+0000 INFO  [jetty-main-1]  org.sonatype.nexus.plugins.siesta.SiestaModule -   /service/siesta/clm/firewall
2020-06-11 05:14:14,577+0000 INFO  [jetty-main-1]  org.sonatype.nexus.plugins.siesta.SiestaModule -   /service/siesta/healthcheck/gaDetails
2020-06-11 05:14:14,578+0000 INFO  [jetty-main-1]  org.sonatype.nexus.plugins.siesta.SiestaModule -   /service/siesta/healthcheck/gavDetails
2020-06-11 05:14:14,578+0000 INFO  [jetty-main-1]  org.sonatype.nexus.plugins.siesta.SiestaModule -   /service/siesta/healthcheck/healthCheckEula
2020-06-11 05:14:14,579+0000 INFO  [jetty-main-1]  org.sonatype.nexus.plugins.siesta.SiestaModule -   /service/siesta/healthcheck/healthCheckInfo
2020-06-11 05:14:14,580+0000 INFO  [jetty-main-1]  org.sonatype.nexus.plugins.siesta.SiestaModule -   /service/siesta/healthcheck/healthCheckStatus
2020-06-11 05:14:14,580+0000 INFO  [jetty-main-1]  org.sonatype.nexus.plugins.siesta.SiestaModule -   /service/siesta/healthcheck/healthCheckSummary/{repositoryId}/{path:.*}
2020-06-11 05:14:14,581+0000 INFO  [jetty-main-1]  org.sonatype.nexus.plugins.siesta.SiestaModule -   /service/siesta/logging/log
2020-06-11 05:14:14,581+0000 INFO  [jetty-main-1]  org.sonatype.nexus.plugins.siesta.SiestaModule -   /service/siesta/logging/loggers
2020-06-11 05:14:14,581+0000 INFO  [jetty-main-1]  org.sonatype.nexus.plugins.siesta.SiestaModule -   /service/siesta/migrationagent/configuration
2020-06-11 05:14:14,582+0000 INFO  [jetty-main-1]  org.sonatype.nexus.plugins.siesta.SiestaModule -   /service/siesta/migrationagent/repository
2020-06-11 05:14:14,582+0000 INFO  [jetty-main-1]  org.sonatype.nexus.plugins.siesta.SiestaModule -   /service/siesta/migrationagent/repository-changelog
2020-06-11 05:14:14,583+0000 INFO  [jetty-main-1]  org.sonatype.nexus.plugins.siesta.SiestaModule -   /service/siesta/migrationagent/repository-content
2020-06-11 05:14:14,583+0000 INFO  [jetty-main-1]  org.sonatype.nexus.plugins.siesta.SiestaModule -   /service/siesta/migrationagent/repository-migration
2020-06-11 05:14:14,584+0000 INFO  [jetty-main-1]  org.sonatype.nexus.plugins.siesta.SiestaModule -   /service/siesta/migrationagent/status
2020-06-11 05:14:14,585+0000 INFO  [jetty-main-1]  org.sonatype.nexus.plugins.siesta.SiestaModule -   /service/siesta/wonderland/authenticate
2020-06-11 05:14:14,585+0000 INFO  [jetty-main-1]  org.sonatype.nexus.plugins.siesta.SiestaModule -   /service/siesta/wonderland/download
2020-06-11 05:14:14,586+0000 INFO  [jetty-main-1]  org.sonatype.nexus.plugins.siesta.SiestaModule -   /service/siesta/wonderland/settings
2020-06-11 05:14:14,586+0000 INFO  [jetty-main-1]  org.sonatype.nexus.plugins.siesta.SiestaModule - Components:
2020-06-11 05:14:14,587+0000 INFO  [jetty-main-1]  org.sonatype.nexus.plugins.siesta.SiestaModule -   org.sonatype.nexus.plugins.capabilities.internal.rest.CapabilityNotFoundExceptionMapper
2020-06-11 05:14:14,587+0000 INFO  [jetty-main-1]  org.sonatype.nexus.plugins.siesta.SiestaModule -   org.sonatype.nexus.plugins.siesta.AuthorizationExceptionMapper
2020-06-11 05:14:14,588+0000 INFO  [jetty-main-1]  org.sonatype.nexus.plugins.siesta.SiestaModule -   org.sonatype.nexus.plugins.siesta.ErrorStatusRuntimeExceptionMapper
2020-06-11 05:14:14,588+0000 INFO  [jetty-main-1]  org.sonatype.nexus.plugins.siesta.SiestaModule -   org.sonatype.nexus.plugins.siesta.InvalidConfigurationExceptionMapper
2020-06-11 05:14:14,589+0000 INFO  [jetty-main-1]  org.sonatype.nexus.plugins.siesta.SiestaModule -   org.sonatype.nexus.plugins.siesta.NoSuchRepositoryExceptionMapper
2020-06-11 05:14:14,589+0000 INFO  [jetty-main-1]  org.sonatype.nexus.plugins.siesta.SiestaModule -   org.sonatype.sisu.siesta.jackson.JacksonProvider
2020-06-11 05:14:14,590+0000 INFO  [jetty-main-1]  org.sonatype.nexus.plugins.siesta.SiestaModule -   org.sonatype.sisu.siesta.server.internal.mappers.BadRequestExceptionMapper
2020-06-11 05:14:14,591+0000 INFO  [jetty-main-1]  org.sonatype.nexus.plugins.siesta.SiestaModule -   org.sonatype.sisu.siesta.server.internal.mappers.ConstraintViolationExceptionMapper
2020-06-11 05:14:14,591+0000 INFO  [jetty-main-1]  org.sonatype.nexus.plugins.siesta.SiestaModule -   org.sonatype.sisu.siesta.server.internal.mappers.InvalidObjectExceptionMapper
2020-06-11 05:14:14,591+0000 INFO  [jetty-main-1]  org.sonatype.nexus.plugins.siesta.SiestaModule -   org.sonatype.sisu.siesta.server.internal.mappers.ObjectNotFoundExceptionMapper
2020-06-11 05:14:14,592+0000 INFO  [jetty-main-1]  org.sonatype.nexus.plugins.siesta.SiestaModule -   org.sonatype.sisu.siesta.server.internal.mappers.ThrowableExceptionMapper
2020-06-11 05:14:14,592+0000 INFO  [jetty-main-1]  org.sonatype.nexus.plugins.siesta.SiestaModule -   org.sonatype.sisu.siesta.server.internal.mappers.ValidationErrorsExceptionMapper
2020-06-11 05:14:14,592+0000 INFO  [jetty-main-1]  org.sonatype.nexus.plugins.siesta.SiestaModule -   org.sonatype.sisu.siesta.server.internal.mappers.WebApplicationExceptionMapper
2020-06-11 05:14:14,593+0000 INFO  [jetty-main-1]  org.sonatype.nexus.plugins.siesta.SiestaModule -   org.sonatype.sisu.siesta.server.internal.mappers.WebApplicationMessageExceptionMapper
2020-06-11 05:14:14,954+0000 INFO  [ar-7-thread-3] *TASK org.sonatype.nexus.proxy.storage.remote.httpclient.HttpClientRemoteStorage - Initializing remote transport for proxy repository "Central" [id=central]...
2020-06-11 05:14:15,259+0000 INFO  [jetty-main-1]  org.sonatype.nexus.webresources.internal.WebResourceServiceImpl - Discovered 1978 resources
2020-06-11 05:14:15,261+0000 INFO  [jetty-main-1]  org.sonatype.nexus.webresources.internal.WebResourceServlet - Max-age: 30 days (2592000 seconds)
2020-06-11 05:14:15,327+0000 INFO  [jetty-main-1]  org.sonatype.nexus.bootstrap.jetty.InstrumentedSelectChannelConnector - Metrics enabled
2020-06-11 05:14:15,373+0000 INFO  [jetty-main-1]  org.eclipse.jetty.server.AbstractConnector - Started InstrumentedSelectChannelConnector@0.0.0.0:8081
2020-06-11 05:14:15,376+0000 INFO  [jetty-main-1]  org.sonatype.nexus.bootstrap.jetty.JettyServer - Running
2020-06-11 05:14:15,376+0000 INFO  [main] *SYSTEM org.sonatype.nexus.bootstrap.jetty.JettyServer - Started
2020-06-11 05:14:15,872+0000 INFO  [ar-7-thread-3] *TASK org.sonatype.nexus.proxy.maven.routing.internal.ManagerImpl - Updated and published prefix file of "Public Repositories" [id=public]
2020-06-11 05:14:16,369+0000 INFO  [ar-7-thread-5] *TASK org.sonatype.nexus.proxy.storage.remote.httpclient.HttpClientRemoteStorage - Initializing remote transport for proxy repository "Apache Snapshots" [id=apache-snapshots]...
2020-06-11 05:14:22,670+0000 INFO  [qtp1690254271-64]  org.apache.shiro.nexus5727.FixedDefaultWebSessionManager - Global session timeout: 1800000 ms
2020-06-11 05:14:22,671+0000 INFO  [qtp1690254271-64]  org.apache.shiro.session.mgt.AbstractValidatingSessionManager - Enabling session validation scheduler...
2020-06-11 05:14:22,724+0000 INFO  [qtp1690254271-64] *UNKNOWN org.sonatype.nexus.velocity.VelocityEngineProvider - Creating Nexus VelocityEngine
2020-06-11 05:14:23,137+0000 WARN  [qtp1690254271-69] *UNKNOWN org.sonatype.security.model.source.FileModelConfigurationSource - No configuration file in place, copying the default one and continuing with it.
2020-06-11 05:14:23,146+0000 INFO  [qtp1690254271-69] *UNKNOWN org.sonatype.security.model.source.FileModelConfigurationSource - Loading security configuration from: /sonatype-work/conf/security.xml
2020-06-11 05:14:23,159+0000 INFO  [qtp1690254271-64] *UNKNOWN /nexus - nexus: [Noelios Restlet Engine] - Attaching application: org.sonatype.nexus.rest.NexusApplication@426b91cc to URI: /nexus/service/local
2020-06-11 05:14:33,380+0000 INFO  [qtp1690254271-64] *UNKNOWN org.apache.shiro.cache.ehcache.EhCacheManager - Using existing EHCache named [shiro-activeSessionCache]
2020-06-11 05:14:46,121+0000 INFO  [qtp1690254271-69] admin java.util.prefs - Created user preferences directory.
2020-06-11 05:15:33,477+0000 INFO  [SIGTERM handler]  com.orientechnologies.orient.core.OSignalHandler - Received signal: SIGTERM
2020-06-11 05:15:33,479+0000 INFO  [Thread-2]  org.eclipse.jetty.server.Server - Graceful shutdown InstrumentedSelectChannelConnector@0.0.0.0:8081
2020-06-11 05:15:33,481+0000 INFO  [Thread-2]  org.eclipse.jetty.server.Server - Graceful shutdown o.e.j.w.WebAppContext{/nexus,file:/opt/sonatype/nexus/nexus/},/opt/sonatype/nexus/nexus
2020-06-11 05:15:33,484+0000 INFO  [Thread-12]  com.orientechnologies.orient.server.OServer - OrientDB Server is shutting down...
2020-06-11 05:15:34,535+0000 INFO  [Thread-2]  org.sonatype.nexus.webapp.WebappBootstrap - Destroying
2020-06-11 05:15:34,544+0000 INFO  [Thread-2]  org.sonatype.nexus.NxApplication - Uptime: 1 minute, 39 seconds and 260 milliseconds
2020-06-11 05:15:34,547+0000 INFO  [Thread-2]  org.sonatype.scheduling.DefaultScheduler - Shutting down Scheduler...
2020-06-11 05:15:34,565+0000 INFO  [Thread-2]  org.sonatype.nexus.apachehttpclient.Hc4ProviderImpl - Stopped
2020-06-11 05:15:34,578+0000 INFO  [Thread-2]  org.sonatype.nexus.index.DefaultIndexerManager - Shutting down Nexus IndexerManager
2020-06-11 05:15:34,658+0000 INFO  [Thread-2]  org.sonatype.nexus.timeline.DefaultNexusTimeline - Stopping Nexus Timeline...
2020-06-11 05:15:34,684+0000 INFO  [Thread-2]  org.sonatype.timeline.internal.DefaultTimeline - Stopped Timeline...
2020-06-11 05:15:34,685+0000 INFO  [Thread-2]  org.sonatype.nexus.events.EventSubscriberHost - Stopping
2020-06-11 05:15:34,688+0000 INFO  [Thread-2]  org.apache.shiro.session.mgt.AbstractValidatingSessionManager - Disabled session validation scheduler.
2020-06-11 05:15:34,692+0000 INFO  [Thread-2]  org.sonatype.nexus.orient.DatabaseServerImpl - Shutdown
2020-06-11 05:15:34,692+0000 INFO  [Thread-2]  org.sonatype.nexus.NxApplication - Stopped Nexus Repository Manager OSS 2.14.18-01
2020-06-11 05:15:34,719+0000 INFO  [Thread-2]  org.sonatype.nexus.webapp.WebappBootstrap - Destroyed
2020-06-11 05:15:34,721+0000 INFO  [Thread-2]  org.eclipse.jetty.server.handler.ContextHandler - stopped o.e.j.w.WebAppContext{/nexus,file:/opt/sonatype/nexus/nexus/},/opt/sonatype/nexus/nexus
